<?xml version="1.0" encoding="UTF-8"?>
<!-- Generated by org.testng.reporters.JUnitReportReporter -->
<testsuite hostname="LAPTOP-DHSP47N1" failures="0" tests="6" name="com.crm.qa.testcases.ContactsPageTest" time="152.005" errors="0" timestamp="01 Dec 2020 11:47:15 GMT" skipped="0">
  <testcase classname="com.crm.qa.testcases.ContactsPageTest" name="verifyContactsPageLabel" time="20.433"/>
  <testcase classname="com.crm.qa.testcases.ContactsPageTest" name="selectSingleContactsTest" time="20.984"/>
  <testcase classname="com.crm.qa.testcases.ContactsPageTest" name="selectMultipleContactsTest" time="22.188"/>
  <testcase classname="com.crm.qa.testcases.ContactsPageTest" name="validateCreateNewContact" time="32.901"/>
  <testcase classname="com.crm.qa.testcases.ContactsPageTest" name="validateCreateNewContact" time="28.214"/>
  <testcase classname="com.crm.qa.testcases.ContactsPageTest" name="validateCreateNewContact" time="27.285"/>
</testsuite> <!-- com.crm.qa.testcases.ContactsPageTest -->
