<?xml version="1.0" encoding="UTF-8"?>
<!-- Generated by org.testng.reporters.JUnitReportReporter -->
<testsuite hostname="LAPTOP-DHSP47N1" failures="0" tests="3" name="com.crm.qa.testcases.LoginPageTest" time="56.725" errors="0" timestamp="01 Dec 2020 11:47:15 GMT" skipped="0">
  <testcase classname="com.crm.qa.testcases.LoginPageTest" name="loginPageTitleTest" time="15.238"/>
  <testcase classname="com.crm.qa.testcases.LoginPageTest" name="crmLogoImageTest" time="14.469"/>
  <testcase classname="com.crm.qa.testcases.LoginPageTest" name="loginTest" time="27.018"/>
</testsuite> <!-- com.crm.qa.testcases.LoginPageTest -->
