<?xml version="1.0" encoding="UTF-8"?>
<!-- Generated by org.testng.reporters.JUnitReportReporter -->
<testsuite hostname="LAPTOP-DHSP47N1" failures="0" tests="1" name="com.crm.qa.testcases.LoginPageTest" time="26.261" errors="0" timestamp="30 Nov 2020 19:22:01 GMT" skipped="0">
  <testcase classname="com.crm.qa.testcases.LoginPageTest" name="loginTest" time="26.261"/>
</testsuite> <!-- com.crm.qa.testcases.LoginPageTest -->
