<?xml version="1.0" encoding="UTF-8"?>
<!-- Generated by org.testng.reporters.JUnitReportReporter -->
<testsuite hostname="LAPTOP-DHSP47N1" failures="0" tests="6" name="com.crm.qa.testcases.ContactsPageTest" time="129.198" errors="0" timestamp="30 Nov 2020 21:27:54 GMT" skipped="0">
  <testcase classname="com.crm.qa.testcases.ContactsPageTest" name="verifyContactsPageLabel" time="17.719"/>
  <testcase classname="com.crm.qa.testcases.ContactsPageTest" name="selectSingleContactsTest" time="18.431"/>
  <testcase classname="com.crm.qa.testcases.ContactsPageTest" name="selectMultipleContactsTest" time="22.373"/>
  <testcase classname="com.crm.qa.testcases.ContactsPageTest" name="validateCreateNewContact" time="22.865"/>
  <testcase classname="com.crm.qa.testcases.ContactsPageTest" name="validateCreateNewContact" time="23.758"/>
  <testcase classname="com.crm.qa.testcases.ContactsPageTest" name="validateCreateNewContact" time="24.052"/>
</testsuite> <!-- com.crm.qa.testcases.ContactsPageTest -->
