<?xml version="1.0" encoding="UTF-8"?>
<!-- Generated by org.testng.reporters.JUnitReportReporter -->
<testsuite hostname="LAPTOP-DHSP47N1" failures="0" tests="3" name="com.crm.qa.testcases.LoginPageTest" time="49.874" errors="0" timestamp="01 Dec 2020 10:31:20 GMT" skipped="0">
  <testcase classname="com.crm.qa.testcases.LoginPageTest" name="loginPageTitleTest" time="12.616"/>
  <testcase classname="com.crm.qa.testcases.LoginPageTest" name="crmLogoImageTest" time="15.147"/>
  <testcase classname="com.crm.qa.testcases.LoginPageTest" name="loginTest" time="22.111"/>
</testsuite> <!-- com.crm.qa.testcases.LoginPageTest -->
