<?xml version="1.0" encoding="UTF-8"?>
<!-- Generated by org.testng.reporters.JUnitReportReporter -->
<testsuite hostname="LAPTOP-DHSP47N1" failures="0" tests="3" name="com.crm.qa.testcases.LoginPageTest" time="45.820" errors="0" timestamp="29 Nov 2020 21:52:44 GMT" skipped="0">
  <testcase classname="com.crm.qa.testcases.LoginPageTest" name="loginPageTitleTest" time="11.360"/>
  <testcase classname="com.crm.qa.testcases.LoginPageTest" name="crmLogoImageTest" time="12.491"/>
  <testcase classname="com.crm.qa.testcases.LoginPageTest" name="loginTest" time="21.969"/>
</testsuite> <!-- com.crm.qa.testcases.LoginPageTest -->
