<?xml version="1.0" encoding="UTF-8"?>
<!-- Generated by org.testng.reporters.JUnitReportReporter -->
<testsuite hostname="LAPTOP-DHSP47N1" failures="0" tests="1" name="com.crm.qa.testcases.FreeCrmTest" time="29.954" errors="0" timestamp="29 Nov 2020 21:59:53 GMT" skipped="0">
  <testcase classname="com.crm.qa.testcases.FreeCrmTest" name="freeCrmTitleTest" time="29.954"/>
</testsuite> <!-- com.crm.qa.testcases.FreeCrmTest -->
