<?xml version="1.0" encoding="UTF-8"?>
<!-- Generated by org.testng.reporters.JUnitReportReporter -->
<testsuite hostname="LAPTOP-DHSP47N1" failures="0" tests="1" name="com.job.hunt.testcases.GoogleSearchPageTest" time="30.502" errors="0" timestamp="07 Dec 2020 21:30:34 GMT" skipped="0">
  <testcase classname="com.job.hunt.testcases.GoogleSearchPageTest" name="ClickOnNaukariLink" time="30.502"/>
</testsuite> <!-- com.job.hunt.testcases.GoogleSearchPageTest -->
