<?xml version="1.0" encoding="UTF-8"?>
<!-- Generated by org.testng.reporters.JUnitReportReporter -->
<testsuite hostname="LAPTOP-DHSP47N1" failures="0" tests="1" name="com.job.hunt.testcases.LoginPageTest" time="33.342" errors="0" timestamp="07 Dec 2020 21:42:34 GMT" skipped="0">
  <testcase classname="com.job.hunt.testcases.LoginPageTest" name="LoginPageLoginMethod" time="33.342"/>
</testsuite> <!-- com.job.hunt.testcases.LoginPageTest -->
