<?xml version="1.0" encoding="UTF-8"?>
<!-- Generated by org.testng.reporters.JUnitReportReporter -->
<testsuite hostname="LAPTOP-DHSP47N1" failures="0" tests="1" name="com.job.hunt.testcases.NaukriRegistertionPageTest" time="0.771" errors="0" timestamp="07 Dec 2020 21:35:56 GMT" skipped="0">
  <testcase classname="com.job.hunt.testcases.NaukriRegistertionPageTest" name="ClickOnLoginLink" time="0.771"/>
</testsuite> <!-- com.job.hunt.testcases.NaukriRegistertionPageTest -->
